<?xml version="1.0" encoding="UTF-8"?>
<!-- Generated by org.testng.reporters.JUnitReportReporter -->
<testsuite skipped="0" hostname="DESKTOP-PAO42TD" name="com.actitime.tests.VerifyVersionTest" tests="2" failures="0" timestamp="14 Apr 2018 04:26:02 GMT" time="457.686" errors="0">
  <testcase name="testVerifyVersion" time="427.566" classname="com.actitime.tests.VerifyVersionTest"/>
  <testcase name="testVerifyVersion" time="30.120" classname="com.actitime.tests.VerifyVersionTest"/>
</testsuite> <!-- com.actitime.tests.VerifyVersionTest -->
