<?xml version="1.0" encoding="UTF-8"?>
<!-- Generated by org.testng.reporters.JUnitReportReporter -->
<testsuite skipped="0" hostname="DESKTOP-PAO42TD" name="com.actitime.tests.InvalidLoginTest" tests="2" failures="0" timestamp="14 Apr 2018 04:26:02 GMT" time="1408.597" errors="0">
  <testcase name="testInvalidLogin" time="1392.687" classname="com.actitime.tests.InvalidLoginTest"/>
  <testcase name="testInvalidLogin" time="15.910" classname="com.actitime.tests.InvalidLoginTest"/>
</testsuite> <!-- com.actitime.tests.InvalidLoginTest -->
