<?xml version="1.0" encoding="UTF-8"?>
<!-- Generated by org.testng.reporters.JUnitReportReporter -->
<testsuite skipped="0" hostname="DESKTOP-PAO42TD" name="com.actitime.tests.VerifyBuildNumberTest" tests="2" failures="0" timestamp="14 Apr 2018 04:26:02 GMT" time="1817.485" errors="0">
  <testcase name="testVerifyBuildNumber" time="55.933" classname="com.actitime.tests.VerifyBuildNumberTest"/>
  <testcase name="testVerifyBuildNumber" time="1761.552" classname="com.actitime.tests.VerifyBuildNumberTest"/>
</testsuite> <!-- com.actitime.tests.VerifyBuildNumberTest -->
